<?xml version="1.0" encoding="UTF-8"?>
<!-- Generated by org.testng.reporters.JUnitXMLReporter -->
<testsuite hostname="DESKTOP-EJ6ONDK" ignored="0" name="Default test(failed)" tests="1" failures="1" timestamp="23 May 2021 11:48:53 GMT" time="28.135" errors="0">
  <testcase name="login_app" time="2.374" classname="testscripts.log_in">
    <failure type="java.lang.AssertionError" message="null">
      <![CDATA[java.lang.AssertionError: null
at testscripts.log_in.login_app(log_in.java:19)
... Removed 27 stack frames]]>
    </failure>
  </testcase> <!-- login_app -->
</testsuite> <!-- Default test(failed) -->
